<?xml version="1.0" encoding="UTF-8"?>
<!-- Generated by org.testng.reporters.JUnitReportReporter -->
<testsuite skipped="0" hostname="INC00757" name="com.incture.proj.testNg.TestClass" tests="3" failures="0" timestamp="10 Jan 2018 12:41:30 GMT" time="4.772" errors="0">
  <testcase name="TestHomePageHeadLine" time="0.917" classname="com.incture.proj.testNg.TestClass"/>
  <testcase name="TestHomePageButton" time="0.886" classname="com.incture.proj.testNg.TestClass"/>
  <testcase name="TestRegisterPage" time="2.969" classname="com.incture.proj.testNg.TestClass"/>
</testsuite> <!-- com.incture.proj.testNg.TestClass -->
