<?xml version="1.0" encoding="UTF-8"?>
<!-- Generated by org.testng.reporters.JUnitReportReporter -->
<testsuite hostname="INC00757" name="com.incture.proj.testNg.TestClass" tests="3" failures="0" timestamp="10 Jan 2018 12:53:56 GMT" time="4.692" errors="0">
  <testcase name="TestHomePageButton" time="0.988" classname="com.incture.proj.testNg.TestClass"/>
  <testcase name="TestHomePageHeadLine" time="1.021" classname="com.incture.proj.testNg.TestClass"/>
  <testcase name="TestRegisterPage" time="2.683" classname="com.incture.proj.testNg.TestClass"/>
</testsuite> <!-- com.incture.proj.testNg.TestClass -->
